<?xml version="1.0" encoding="UTF-8"?>
<!-- Generated by org.testng.reporters.JUnitXMLReporter -->
<testsuite ignored="1" hostname="DESKTOP-I9IFEEO" failures="0" tests="2" name="Test-1" time="23.197" errors="0" timestamp="2025-04-08T13:58:32 IST">
  <testcase classname="greenkart.tests.VegetableTest" name="flowone" time="18.092"/>
  <testcase classname="greenkart.tests.VegetableTest" name="flowtwo" time="0.001"/>
  <testcase classname="greenkart.tests.VegetableTest" name="flowthree" time="0.0">
    <ignored/>
  </testcase> <!-- flowthree -->
</testsuite> <!-- Test-1 -->
