<?xml version="1.0" encoding="UTF-8"?>
<!-- Generated by org.testng.reporters.JUnitReportReporter -->
<testsuite hostname="DESKTOP-I9IFEEO" failures="0" tests="2" name="greenkart.tests.VegetableTest" time="22.899" errors="0" timestamp="2025-04-08T13:58:32 IST" skipped="0">
  <testcase classname="greenkart.tests.VegetableTest" name="flowone" time="20.231"/>
  <testcase classname="greenkart.tests.VegetableTest" name="flowtwo" time="2.668"/>
</testsuite> <!-- greenkart.tests.VegetableTest -->
